[32m[Nest] 15040  - [39m06/21/2026, 10:33:21 AM [32m    LOG[39m [38;5;3m[NestFactory] [39m[32mStarting Nest application...[39m
[32m[Nest] 15040  - [39m06/21/2026, 10:33:21 AM [32m    LOG[39m [38;5;3m[InstanceLoader] [39m[32mAppModule dependencies initialized[39m[38;5;3m +186ms[39m
[32m[Nest] 15040  - [39m06/21/2026, 10:33:21 AM [32m    LOG[39m [38;5;3m[InstanceLoader] [39m[32mIntegrationsModule dependencies initialized[39m[38;5;3m +5ms[39m
[32m[Nest] 15040  - [39m06/21/2026, 10:33:21 AM [32m    LOG[39m [38;5;3m[InstanceLoader] [39m[32mSlaModule dependencies initialized[39m[38;5;3m +6ms[39m
[32m[Nest] 15040  - [39m06/21/2026, 10:33:21 AM [32m    LOG[39m [38;5;3m[InstanceLoader] [39m[32mAuthModule dependencies initialized[39m[38;5;3m +4ms[39m
[32m[Nest] 15040  - [39m06/21/2026, 10:33:21 AM [32m    LOG[39m [38;5;3m[InstanceLoader] [39m[32mCasesModule dependencies initialized[39m[38;5;3m +2ms[39m
[32m[Nest] 15040  - [39m06/21/2026, 10:33:21 AM [32m    LOG[39m [38;5;3m[InstanceLoader] [39m[32mAuditModule dependencies initialized[39m[38;5;3m +0ms[39m
[32m[Nest] 15040  - [39m06/21/2026, 10:33:21 AM [32m    LOG[39m [38;5;3m[InstanceLoader] [39m[32mBranchesModule dependencies initialized[39m[38;5;3m +1ms[39m
[32m[Nest] 15040  - [39m06/21/2026, 10:33:21 AM [32m    LOG[39m [38;5;3m[InstanceLoader] [39m[32mTasksModule dependencies initialized[39m[38;5;3m +0ms[39m
[32m[Nest] 15040  - [39m06/21/2026, 10:33:21 AM [32m    LOG[39m [38;5;3m[InstanceLoader] [39m[32mComplaintsModule dependencies initialized[39m[38;5;3m +2ms[39m
[32m[Nest] 15040  - [39m06/21/2026, 10:33:21 AM [32m    LOG[39m [38;5;3m[InstanceLoader] [39m[32mNotificationsModule dependencies initialized[39m[38;5;3m +0ms[39m
[32m[Nest] 15040  - [39m06/21/2026, 10:33:21 AM [32m    LOG[39m [38;5;3m[InstanceLoader] [39m[32mDealsModule dependencies initialized[39m[38;5;3m +1ms[39m
[32m[Nest] 15040  - [39m06/21/2026, 10:33:21 AM [32m    LOG[39m [38;5;3m[InstanceLoader] [39m[32mPortalModule dependencies initialized[39m[38;5;3m +1ms[39m
[32m[Nest] 15040  - [39m06/21/2026, 10:33:21 AM [32m    LOG[39m [38;5;3m[InstanceLoader] [39m[32mAttachmentsModule dependencies initialized[39m[38;5;3m +0ms[39m
[32m[Nest] 15040  - [39m06/21/2026, 10:33:21 AM [32m    LOG[39m [38;5;3m[InstanceLoader] [39m[32mSurveysModule dependencies initialized[39m[38;5;3m +1ms[39m
[32m[Nest] 15040  - [39m06/21/2026, 10:33:21 AM [32m    LOG[39m [38;5;3m[InstanceLoader] [39m[32mReportsModule dependencies initialized[39m[38;5;3m +0ms[39m
[32m[Nest] 15040  - [39m06/21/2026, 10:33:21 AM [32m    LOG[39m [38;5;3m[RoutesResolver] [39m[32mHealthController {/}:[39m[38;5;3m +11ms[39m
[32m[Nest] 15040  - [39m06/21/2026, 10:33:21 AM [32m    LOG[39m [38;5;3m[RouterExplorer] [39m[32mMapped {/, GET} route[39m[38;5;3m +5ms[39m
[32m[Nest] 15040  - [39m06/21/2026, 10:33:21 AM [32m    LOG[39m [38;5;3m[RouterExplorer] [39m[32mMapped {/health, GET} route[39m[38;5;3m +2ms[39m
[32m[Nest] 15040  - [39m06/21/2026, 10:33:21 AM [32m    LOG[39m [38;5;3m[RoutesResolver] [39m[32mAuthController {/auth}:[39m[38;5;3m +1ms[39m
[32m[Nest] 15040  - [39m06/21/2026, 10:33:21 AM [32m    LOG[39m [38;5;3m[RouterExplorer] [39m[32mMapped {/auth/login, POST} route[39m[38;5;3m +2ms[39m
[32m[Nest] 15040  - [39m06/21/2026, 10:33:21 AM [32m    LOG[39m [38;5;3m[RouterExplorer] [39m[32mMapped {/auth/logout, POST} route[39m[38;5;3m +1ms[39m
[32m[Nest] 15040  - [39m06/21/2026, 10:33:21 AM [32m    LOG[39m [38;5;3m[RouterExplorer] [39m[32mMapped {/auth/password-reset/request, POST} route[39m[38;5;3m +3ms[39m
[32m[Nest] 15040  - [39m06/21/2026, 10:33:21 AM [32m    LOG[39m [38;5;3m[RouterExplorer] [39m[32mMapped {/auth/password-reset/consume, POST} route[39m[38;5;3m +1ms[39m
[32m[Nest] 15040  - [39m06/21/2026, 10:33:21 AM [32m    LOG[39m [38;5;3m[RouterExplorer] [39m[32mMapped {/auth/me, GET} route[39m[38;5;3m +1ms[39m
[32m[Nest] 15040  - [39m06/21/2026, 10:33:21 AM [32m    LOG[39m [38;5;3m[RoutesResolver] [39m[32mAuditController {/audit}:[39m[38;5;3m +1ms[39m
[32m[Nest] 15040  - [39m06/21/2026, 10:33:21 AM [32m    LOG[39m [38;5;3m[RouterExplorer] [39m[32mMapped {/audit/logs, GET} route[39m[38;5;3m +1ms[39m
[32m[Nest] 15040  - [39m06/21/2026, 10:33:21 AM [32m    LOG[39m [38;5;3m[RouterExplorer] [39m[32mMapped {/audit/logs/export, GET} route[39m[38;5;3m +2ms[39m
[32m[Nest] 15040  - [39m06/21/2026, 10:33:21 AM [32m    LOG[39m [38;5;3m[RoutesResolver] [39m[32mBranchesController {/branches}:[39m[38;5;3m +1ms[39m
[32m[Nest] 15040  - [39m06/21/2026, 10:33:21 AM [32m    LOG[39m [38;5;3m[RouterExplorer] [39m[32mMapped {/branches, GET} route[39m[38;5;3m +2ms[39m
[32m[Nest] 15040  - [39m06/21/2026, 10:33:21 AM [32m    LOG[39m [38;5;3m[RouterExplorer] [39m[32mMapped {/branches/:idOrCode, GET} route[39m[38;5;3m +1ms[39m
[32m[Nest] 15040  - [39m06/21/2026, 10:33:21 AM [32m    LOG[39m [38;5;3m[RouterExplorer] [39m[32mMapped {/branches, POST} route[39m[38;5;3m +1ms[39m
[32m[Nest] 15040  - [39m06/21/2026, 10:33:21 AM [32m    LOG[39m [38;5;3m[RouterExplorer] [39m[32mMapped {/branches/:id, PATCH} route[39m[38;5;3m +1ms[39m
[32m[Nest] 15040  - [39m06/21/2026, 10:33:21 AM [32m    LOG[39m [38;5;3m[RouterExplorer] [39m[32mMapped {/branches/:id/deactivate, POST} route[39m[38;5;3m +1ms[39m
[32m[Nest] 15040  - [39m06/21/2026, 10:33:21 AM [32m    LOG[39m [38;5;3m[RoutesResolver] [39m[32mCasesController {/cases}:[39m[38;5;3m +1ms[39m
[32m[Nest] 15040  - [39m06/21/2026, 10:33:21 AM [32m    LOG[39m [38;5;3m[RouterExplorer] [39m[32mMapped {/cases/:caseId/confidential-timeline, GET} route[39m[38;5;3m +0ms[39m
[32m[Nest] 15040  - [39m06/21/2026, 10:33:21 AM [32m    LOG[39m [38;5;3m[RoutesResolver] [39m[32mPortalController {/portal}:[39m[38;5;3m +1ms[39m
[32m[Nest] 15040  - [39m06/21/2026, 10:33:21 AM [32m    LOG[39m [38;5;3m[RouterExplorer] [39m[32mMapped {/portal/complaints, POST} route[39m[38;5;3m +1ms[39m
[32m[Nest] 15040  - [39m06/21/2026, 10:33:21 AM [32m    LOG[39m [38;5;3m[RouterExplorer] [39m[32mMapped {/portal/tracking/otp, POST} route[39m[38;5;3m +1ms[39m
[32m[Nest] 15040  - [39m06/21/2026, 10:33:21 AM [32m    LOG[39m [38;5;3m[RouterExplorer] [39m[32mMapped {/portal/tracking/otp/verify, POST} route[39m[38;5;3m +1ms[39m
[32m[Nest] 15040  - [39m06/21/2026, 10:33:21 AM [32m    LOG[39m [38;5;3m[RouterExplorer] [39m[32mMapped {/portal/tracking, GET} route[39m[38;5;3m +1ms[39m
[32m[Nest] 15040  - [39m06/21/2026, 10:33:21 AM [32m    LOG[39m [38;5;3m[RouterExplorer] [39m[32mMapped {/portal/tracking/follow-ups, POST} route[39m[38;5;3m +0ms[39m
[32m[Nest] 15040  - [39m06/21/2026, 10:33:21 AM [32m    LOG[39m [38;5;3m[RoutesResolver] [39m[32mComplaintsController {/complaints}:[39m[38;5;3m +1ms[39m
[32m[Nest] 15040  - [39m06/21/2026, 10:33:21 AM [32m    LOG[39m [38;5;3m[RouterExplorer] [39m[32mMapped {/complaints, GET} route[39m[38;5;3m +1ms[39m
[32m[Nest] 15040  - [39m06/21/2026, 10:33:21 AM [32m    LOG[39m [38;5;3m[RouterExplorer] [39m[32mMapped {/complaints/search, GET} route[39m[38;5;3m +1ms[39m
[32m[Nest] 15040  - [39m06/21/2026, 10:33:21 AM [32m    LOG[39m [38;5;3m[RouterExplorer] [39m[32mMapped {/complaints/:id, GET} route[39m[38;5;3m +0ms[39m
[32m[Nest] 15040  - [39m06/21/2026, 10:33:21 AM [32m    LOG[39m [38;5;3m[RouterExplorer] [39m[32mMapped {/complaints/:id/comments, POST} route[39m[38;5;3m +1ms[39m
[32m[Nest] 15040  - [39m06/21/2026, 10:33:21 AM [32m    LOG[39m [38;5;3m[RouterExplorer] [39m[32mMapped {/complaints/:id/comments/public, GET} route[39m[38;5;3m +2ms[39m
[32m[Nest] 15040  - [39m06/21/2026, 10:33:21 AM [32m    LOG[39m [38;5;3m[RouterExplorer] [39m[32mMapped {/complaints, POST} route[39m[38;5;3m +0ms[39m
[32m[Nest] 15040  - [39m06/21/2026, 10:33:21 AM [32m    LOG[39m [38;5;3m[RouterExplorer] [39m[32mMapped {/complaints/:id/transitions, POST} route[39m[38;5;3m +1ms[39m
[32m[Nest] 15040  - [39m06/21/2026, 10:33:21 AM [32m    LOG[39m [38;5;3m[RoutesResolver] [39m[32mNotificationsController {/notifications}:[39m[38;5;3m +1ms[39m
[32m[Nest] 15040  - [39m06/21/2026, 10:33:21 AM [32m    LOG[39m [38;5;3m[RouterExplorer] [39m[32mMapped {/notifications/templates, GET} route[39m[38;5;3m +1ms[39m
[32m[Nest] 15040  - [39m06/21/2026, 10:33:21 AM [32m    LOG[39m [38;5;3m[RouterExplorer] [39m[32mMapped {/notifications/templates, POST} route[39m[38;5;3m +1ms[39m
[32m[Nest] 15040  - [39m06/21/2026, 10:33:21 AM [32m    LOG[39m [38;5;3m[RouterExplorer] [39m[32mMapped {/notifications/templates/:id, PATCH} route[39m[38;5;3m +1ms[39m
[32m[Nest] 15040  - [39m06/21/2026, 10:33:21 AM [32m    LOG[39m [38;5;3m[RouterExplorer] [39m[32mMapped {/notifications/templates/:id/activate, POST} route[39m[38;5;3m +1ms[39m
[32m[Nest] 15040  - [39m06/21/2026, 10:33:21 AM [32m    LOG[39m [38;5;3m[RouterExplorer] [39m[32mMapped {/notifications/templates/:id/deactivate, POST} route[39m[38;5;3m +0ms[39m
[32m[Nest] 15040  - [39m06/21/2026, 10:33:21 AM [32m    LOG[39m [38;5;3m[RoutesResolver] [39m[32mIntegrationsController {/integrations}:[39m[38;5;3m +1ms[39m
[32m[Nest] 15040  - [39m06/21/2026, 10:33:21 AM [32m    LOG[39m [38;5;3m[RoutesResolver] [39m[32mAttachmentsController {/complaints/:complaintId/attachments}:[39m[38;5;3m +1ms[39m
[32m[Nest] 15040  - [39m06/21/2026, 10:33:21 AM [32m    LOG[39m [38;5;3m[RouterExplorer] [39m[32mMapped {/complaints/:complaintId/attachments, POST} route[39m[38;5;3m +0ms[39m
[32m[Nest] 15040  - [39m06/21/2026, 10:33:21 AM [32m    LOG[39m [38;5;3m[RouterExplorer] [39m[32mMapped {/complaints/:complaintId/attachments/:attachmentId/download, GET} route[39m[38;5;3m +1ms[39m
[32m[Nest] 15040  - [39m06/21/2026, 10:33:21 AM [32m    LOG[39m [38;5;3m[RoutesResolver] [39m[32mPortalAttachmentsController {/portal/attachments}:[39m[38;5;3m +0ms[39m
[32m[Nest] 15040  - [39m06/21/2026, 10:33:21 AM [32m    LOG[39m [38;5;3m[RouterExplorer] [39m[32mMapped {/portal/attachments, POST} route[39m[38;5;3m +1ms[39m
[32m[Nest] 15040  - [39m06/21/2026, 10:33:21 AM [32m    LOG[39m [38;5;3m[RoutesResolver] [39m[32mReportsController {/reports}:[39m[38;5;3m +1ms[39m
[32m[Nest] 15040  - [39m06/21/2026, 10:33:21 AM [32m    LOG[39m [38;5;3m[RouterExplorer] [39m[32mMapped {/reports/dashboard, GET} route[39m[38;5;3m +0ms[39m
[32m[Nest] 15040  - [39m06/21/2026, 10:33:21 AM [32m    LOG[39m [38;5;3m[RouterExplorer] [39m[32mMapped {/reports/kpis, GET} route[39m[38;5;3m +1ms[39m
[32m[Nest] 15040  - [39m06/21/2026, 10:33:21 AM [32m    LOG[39m [38;5;3m[RouterExplorer] [39m[32mMapped {/reports, GET} route[39m[38;5;3m +1ms[39m
[32m[Nest] 15040  - [39m06/21/2026, 10:33:21 AM [32m    LOG[39m [38;5;3m[RouterExplorer] [39m[32mMapped {/reports/export, GET} route[39m[38;5;3m +0ms[39m
[32m[Nest] 15040  - [39m06/21/2026, 10:33:21 AM [32m    LOG[39m [38;5;3m[RoutesResolver] [39m[32mSlaController {/sla}:[39m[38;5;3m +1ms[39m
[32m[Nest] 15040  - [39m06/21/2026, 10:33:21 AM [32m    LOG[39m [38;5;3m[RoutesResolver] [39m[32mSurveysController {/portal/surveys}:[39m[38;5;3m +0ms[39m
[32m[Nest] 15040  - [39m06/21/2026, 10:33:21 AM [32m    LOG[39m [38;5;3m[RouterExplorer] [39m[32mMapped {/portal/surveys, POST} route[39m[38;5;3m +1ms[39m
[32m[Nest] 15040  - [39m06/21/2026, 10:33:21 AM [32m    LOG[39m [38;5;3m[RoutesResolver] [39m[32mComplaintSurveysController {/complaints/:complaintId/surveys}:[39m[38;5;3m +0ms[39m
[32m[Nest] 15040  - [39m06/21/2026, 10:33:21 AM [32m    LOG[39m [38;5;3m[RouterExplorer] [39m[32mMapped {/complaints/:complaintId/surveys, GET} route[39m[38;5;3m +1ms[39m
[32m[Nest] 15040  - [39m06/21/2026, 10:33:21 AM [32m    LOG[39m [38;5;3m[RoutesResolver] [39m[32mTasksController {/tasks}:[39m[38;5;3m +1ms[39m
[32m[Nest] 15040  - [39m06/21/2026, 10:33:21 AM [32m    LOG[39m [38;5;3m[RouterExplorer] [39m[32mMapped {/tasks/quick-add, POST} route[39m[38;5;3m +0ms[39m
[32m[Nest] 15040  - [39m06/21/2026, 10:33:21 AM [32m    LOG[39m [38;5;3m[RouterExplorer] [39m[32mMapped {/tasks/today, GET} route[39m[38;5;3m +1ms[39m
[32m[Nest] 15040  - [39m06/21/2026, 10:33:21 AM [32m    LOG[39m [38;5;3m[RouterExplorer] [39m[32mMapped {/tasks/manager-rollup, GET} route[39m[38;5;3m +1ms[39m
[32m[Nest] 15040  - [39m06/21/2026, 10:33:21 AM [32m    LOG[39m [38;5;3m[RoutesResolver] [39m[32mDealsController {/deals}:[39m[38;5;3m +0ms[39m
[32m[Nest] 15040  - [39m06/21/2026, 10:33:21 AM [32m    LOG[39m [38;5;3m[RouterExplorer] [39m[32mMapped {/deals/handoff-board, GET} route[39m[38;5;3m +1ms[39m
[32m[Nest] 15040  - [39m06/21/2026, 10:33:21 AM [32m    LOG[39m [38;5;3m[NestApplication] [39m[32mNest application successfully started[39m[38;5;3m +139ms[39m
