⚠ The "middleware" file convention is deprecated. Please use "proxy" instead. Learn more: https://nextjs.org/docs/messages/middleware-to-proxy
⚠ Blocked cross-origin request to Next.js dev resource /_next/webpack-hmr from "127.0.0.1".
Cross-origin access to Next.js dev resources is blocked by default for safety.

To allow this host in development, add it to "allowedDevOrigins" in next.config.js and restart the dev server:

// next.config.js
module.exports = {
  allowedDevOrigins: ['127.0.0.1'],
}

Read more: https://nextjs.org/docs/app/api-reference/config/next-config-js/allowedDevOrigins
Select elements must be either controlled or uncontrolled (specify either the value prop, or the defaultValue prop, but not both). Decide between using a controlled or uncontrolled select element and remove one of these props. More info: https://react.dev/link/controlled-components
[browser] Uncaught TypeError: Cannot read properties of undefined (reading 'replace')
    at StaffPicker (src/components/shared/staff-picker.tsx:73:32)
    at TaskActions (src/components/employee-today/task-action-forms.tsx:144:9)
    at TaskCard (src\components\employee-today\index.tsx:171:23)
    at <anonymous> (src\components\employee-today\index.tsx:135:32)
    at Array.map (<anonymous>:1:18)
    at TaskSection (src\components\employee-today\index.tsx:135:18)
    at <anonymous> (src\components\employee-today\index.tsx:77:15)
    at Array.map (<anonymous>:1:18)
    at EmployeeToday (src\components\employee-today\index.tsx:76:27)
    at EmployeeTodayPage (src\app\(staff)\tasks\today\page.tsx:27:10)
  71 |       <input name={name} type="hidden" value={selected?.id ?? ''} />
  72 |       <p className="text-xs text-muted-foreground" id={`${listId}-selected`}>
> 73 |         {selected ? t.selected.replace('{name}', selected.label) : t.prompt}
     |                                ^
  74 |       </p>
  75 |     </div>
  76 |   );
[browser] Uncaught TypeError: Cannot read properties of undefined (reading 'replace')
    at StaffPicker (src/components/shared/staff-picker.tsx:73:32)
    at TaskActions (src/components/employee-today/task-action-forms.tsx:144:9)
    at TaskCard (src\components\employee-today\index.tsx:171:23)
    at <anonymous> (src\components\employee-today\index.tsx:135:32)
    at Array.map (<anonymous>:1:18)
    at TaskSection (src\components\employee-today\index.tsx:135:18)
    at <anonymous> (src\components\employee-today\index.tsx:77:15)
    at Array.map (<anonymous>:1:18)
    at EmployeeToday (src\components\employee-today\index.tsx:76:27)
    at EmployeeTodayPage (src\app\(staff)\tasks\today\page.tsx:27:10)
  71 |       <input name={name} type="hidden" value={selected?.id ?? ''} />
  72 |       <p className="text-xs text-muted-foreground" id={`${listId}-selected`}>
> 73 |         {selected ? t.selected.replace('{name}', selected.label) : t.prompt}
     |                                ^
  74 |       </p>
  75 |     </div>
  76 |   );
⚠ Fast Refresh had to perform a full reload due to a runtime error.
⚠ Fast Refresh had to perform a full reload due to a runtime error.
[browser] Encountered a script tag while rendering React component. Scripts inside React components are never executed when rendering on the client. Consider using template tag instead (https://developer.mozilla.org/en-US/docs/Web/HTML/Element/template).
    at Set.forEach (<anonymous>) (<anonymous>)
[browser] Encountered a script tag while rendering React component. Scripts inside React components are never executed when rendering on the client. Consider using template tag instead (https://developer.mozilla.org/en-US/docs/Web/HTML/Element/template).
    at Set.forEach (<anonymous>) (<anonymous>)
